This file contains any messages produced by compilers while
running configure, to aid debugging if configure makes a mistake.

It was created by Cilk Runtime configure 2.0, which was
generated by GNU Autoconf 2.68.  Invocation command line was

  $ ./configure --prefix=/nobackup/czakian/cilkplus

## --------- ##
## Platform. ##
## --------- ##

hostname = hive.soic.indiana.edu
uname -m = x86_64
uname -r = 2.6.32-279.19.1.el6.x86_64
uname -s = Linux
uname -v = #1 SMP Sat Nov 24 14:35:28 EST 2012

/usr/bin/uname -p = unknown
/bin/uname -X     = unknown

/bin/arch              = x86_64
/usr/bin/arch -k       = unknown
/usr/convex/getsysinfo = unknown
/usr/bin/hostinfo      = unknown
/bin/machine           = unknown
/usr/bin/oslevel       = unknown
/bin/universe          = unknown

PATH: /nobackup/czakian/cilkplus/bin
PATH: /nobackup/czakian/cilkplus/bin
PATH: /nobackup/czakian/cilkplus/bin
PATH: /u/czakian/bin
PATH: /nobackup/czakian/cilkplus/bin
PATH: /opt/cilkplus/bin
PATH: /opt/cilkplus/bin
PATH: /u/czakian/.cabal/bin
PATH: /usr/local/cuda/bin
PATH: /u/parfunc/opt/bin
PATH: /nobackup/czakian/autotools/bin
PATH: /nobackup/czakian/emacs24/bin
PATH: /u/czakian/bin
PATH: /nobackup/czakian/lib/bin
PATH: /nobackup/czakian/lib/include
PATH: /nobackup/czakian/lib/lib
PATH: /u/czakian/bin
PATH: /l/intel/composer_xe_2011_sp1.7.256/bin/intel64
PATH: /usr/lib64/qt-3.3/bin
PATH: /usr/kerberos/sbin
PATH: /usr/kerberos/bin
PATH: /usr/local/bin
PATH: /bin
PATH: /usr/bin
PATH: /usr/local/sbin
PATH: /usr/sbin
PATH: /sbin
PATH: /u/czakian/.cabal/bin
PATH: /opt/dell/srvadmin/bin
PATH: /nobackup/czakian/lib/go
PATH: /nobackup/czakian/lib/go/bin
PATH: /bin
PATH: /l/arm/codesourcery/bin
PATH: /u/czakian/bin
PATH: /l/intel/composer_xe_2011_sp1.7.256/bin/intel64
PATH: /usr/lib64/qt-3.3/bin
PATH: /usr/kerberos/sbin
PATH: /usr/kerberos/bin
PATH: /usr/local/bin
PATH: /bin
PATH: /usr/bin
PATH: /usr/local/sbin
PATH: /usr/sbin
PATH: /sbin
PATH: /u/czakian/.cabal/bin
PATH: /opt/dell/srvadmin/bin


## ----------- ##
## Core tests. ##
## ----------- ##

configure:2267: checking for a BSD-compatible install
configure:2335: result: /usr/bin/install -c
configure:2346: checking whether build environment is sane
configure:2396: result: yes
configure:2537: checking for a thread-safe mkdir -p
configure:2576: result: /bin/mkdir -p
configure:2589: checking for gawk
configure:2605: found /bin/gawk
configure:2616: result: gawk
configure:2627: checking whether make sets $(MAKE)
configure:2649: result: yes
configure:2778: checking for g++
configure:2794: found /nobackup/czakian/cilkplus/bin/g++
configure:2805: result: g++
configure:2832: checking for C++ compiler version
configure:2841: g++ --version >&5
g++ (GCC) 4.8.0 20121210 (experimental)
Copyright (C) 2012 Free Software Foundation, Inc.
This is free software; see the source for copying conditions.  There is NO
warranty; not even for MERCHANTABILITY or FITNESS FOR A PARTICULAR PURPOSE.

configure:2852: $? = 0
configure:2841: g++ -v >&5
Using built-in specs.
COLLECT_GCC=g++
COLLECT_LTO_WRAPPER=/nfs/nfs5/home/nobackup/czakian/cilkplus/bin/../libexec/gcc/x86_64-unknown-linux-gnu/4.8.0/lto-wrapper
Target: x86_64-unknown-linux-gnu
Configured with: ./configure --prefix=/nobackup/czakian/cilkplus --enable-languages=c,c++ --enable-threads=posix --disable-multilib
Thread model: posix
gcc version 4.8.0 20121210 (experimental) (GCC) 
configure:2852: $? = 0
configure:2841: g++ -V >&5
g++: error: unrecognized command line option '-V'
g++: fatal error: no input files
compilation terminated.
configure:2852: $? = 1
configure:2841: g++ -qversion >&5
g++: error: unrecognized command line option '-qversion'
g++: fatal error: no input files
compilation terminated.
configure:2852: $? = 1
configure:2872: checking whether the C++ compiler works
configure:2894: g++    conftest.cpp  >&5
configure:2898: $? = 0
configure:2946: result: yes
configure:2949: checking for C++ compiler default output file name
configure:2951: result: a.out
configure:2957: checking for suffix of executables
configure:2964: g++ -o conftest    conftest.cpp  >&5
configure:2968: $? = 0
configure:2990: result: 
configure:3012: checking whether we are cross compiling
configure:3020: g++ -o conftest    conftest.cpp  >&5
configure:3024: $? = 0
configure:3031: ./conftest
configure:3035: $? = 0
configure:3050: result: no
configure:3055: checking for suffix of object files
configure:3077: g++ -c   conftest.cpp >&5
configure:3081: $? = 0
configure:3102: result: o
configure:3106: checking whether we are using the GNU C++ compiler
configure:3125: g++ -c   conftest.cpp >&5
configure:3125: $? = 0
configure:3134: result: yes
configure:3143: checking whether g++ accepts -g
configure:3163: g++ -c -g  conftest.cpp >&5
configure:3163: $? = 0
configure:3204: result: yes
configure:3238: checking for style of include used by make
configure:3266: result: GNU
configure:3292: checking dependency style of g++
configure:3403: result: gcc3
configure:3466: checking for gcc
configure:3482: found /nobackup/czakian/cilkplus/bin/gcc
configure:3493: result: gcc
configure:3722: checking for C compiler version
configure:3731: gcc --version >&5
gcc (GCC) 4.8.0 20121210 (experimental)
Copyright (C) 2012 Free Software Foundation, Inc.
This is free software; see the source for copying conditions.  There is NO
warranty; not even for MERCHANTABILITY or FITNESS FOR A PARTICULAR PURPOSE.

configure:3742: $? = 0
configure:3731: gcc -v >&5
Using built-in specs.
COLLECT_GCC=gcc
COLLECT_LTO_WRAPPER=/nfs/nfs5/home/nobackup/czakian/cilkplus/bin/../libexec/gcc/x86_64-unknown-linux-gnu/4.8.0/lto-wrapper
Target: x86_64-unknown-linux-gnu
Configured with: ./configure --prefix=/nobackup/czakian/cilkplus --enable-languages=c,c++ --enable-threads=posix --disable-multilib
Thread model: posix
gcc version 4.8.0 20121210 (experimental) (GCC) 
configure:3742: $? = 0
configure:3731: gcc -V >&5
gcc: error: unrecognized command line option '-V'
gcc: fatal error: no input files
compilation terminated.
configure:3742: $? = 1
configure:3731: gcc -qversion >&5
gcc: error: unrecognized command line option '-qversion'
gcc: fatal error: no input files
compilation terminated.
configure:3742: $? = 1
configure:3746: checking whether we are using the GNU C compiler
configure:3765: gcc -c   conftest.c >&5
configure:3765: $? = 0
configure:3774: result: yes
configure:3783: checking whether gcc accepts -g
configure:3803: gcc -c -g  conftest.c >&5
configure:3803: $? = 0
configure:3844: result: yes
configure:3861: checking for gcc option to accept ISO C89
configure:3925: gcc  -c -g -O2  conftest.c >&5
configure:3925: $? = 0
configure:3938: result: none needed
configure:3960: checking dependency style of gcc
configure:4071: result: gcc3
configure:4115: checking build system type
configure:4129: result: x86_64-unknown-linux-gnu
configure:4149: checking host system type
configure:4162: result: x86_64-unknown-linux-gnu
configure:4203: checking how to print strings
configure:4230: result: printf
configure:4251: checking for a sed that does not truncate output
configure:4315: result: /bin/sed
configure:4333: checking for grep that handles long lines and -e
configure:4391: result: /bin/grep
configure:4396: checking for egrep
configure:4458: result: /bin/grep -E
configure:4463: checking for fgrep
configure:4525: result: /bin/grep -F
configure:4560: checking for ld used by gcc
configure:4627: result: /usr/bin/ld
configure:4634: checking if the linker (/usr/bin/ld) is GNU ld
configure:4649: result: yes
configure:4661: checking for BSD- or MS-compatible name lister (nm)
configure:4710: result: /usr/bin/nm -B
configure:4840: checking the name lister (/usr/bin/nm -B) interface
configure:4847: gcc -c -g -O2  conftest.c >&5
configure:4850: /usr/bin/nm -B "conftest.o"
configure:4853: output
0000000000000000 B some_variable
configure:4860: result: BSD nm
configure:4863: checking whether ln -s works
configure:4867: result: yes
configure:4875: checking the maximum length of command line arguments
configure:5005: result: 1966080
configure:5022: checking whether the shell understands some XSI constructs
configure:5032: result: yes
configure:5036: checking whether the shell understands "+="
configure:5042: result: yes
configure:5077: checking how to convert x86_64-unknown-linux-gnu file names to x86_64-unknown-linux-gnu format
configure:5117: result: func_convert_file_noop
configure:5124: checking how to convert x86_64-unknown-linux-gnu file names to toolchain format
configure:5144: result: func_convert_file_noop
configure:5151: checking for /usr/bin/ld option to reload object files
configure:5158: result: -r
configure:5232: checking for objdump
configure:5248: found /usr/bin/objdump
configure:5259: result: objdump
configure:5291: checking how to recognize dependent libraries
configure:5493: result: pass_all
configure:5578: checking for dlltool
configure:5608: result: no
configure:5638: checking how to associate runtime and link libraries
configure:5665: result: printf %s\n
configure:5726: checking for ar
configure:5742: found /usr/bin/ar
configure:5753: result: ar
configure:5790: checking for archiver @FILE support
configure:5807: gcc -c -g -O2  conftest.c >&5
configure:5807: $? = 0
configure:5810: ar cru libconftest.a @conftest.lst >&5
configure:5813: $? = 0
configure:5818: ar cru libconftest.a @conftest.lst >&5
ar: conftest.o: No such file or directory
configure:5821: $? = 1
configure:5833: result: @
configure:5891: checking for strip
configure:5907: found /usr/bin/strip
configure:5918: result: strip
configure:5990: checking for ranlib
configure:6006: found /usr/bin/ranlib
configure:6017: result: ranlib
configure:6119: checking command to parse /usr/bin/nm -B output from gcc object
configure:6239: gcc -c -g -O2  conftest.c >&5
configure:6242: $? = 0
configure:6246: /usr/bin/nm -B conftest.o \| sed -n -e 's/^.*[ ]\([ABCDGIRSTW][ABCDGIRSTW]*\)[ ][ ]*\([_A-Za-z][_A-Za-z0-9]*\)$/\1 \2 \2/p' | sed '/ __gnu_lto/d' \> conftest.nm
configure:6249: $? = 0
configure:6315: gcc -o conftest -g -O2   conftest.c conftstm.o >&5
configure:6318: $? = 0
configure:6356: result: ok
configure:6393: checking for sysroot
configure:6423: result: no
configure:6500: gcc -c -g -O2  conftest.c >&5
configure:6503: $? = 0
configure:6679: checking for mt
configure:6695: found /bin/mt
configure:6706: result: mt
configure:6729: checking if mt is a manifest tool
configure:6735: mt '-?'
usage: mt [-v] [--version] [-h] [ -f device ] command [ count ]
configure:6743: result: no
configure:7385: checking how to run the C preprocessor
configure:7416: gcc -E  conftest.c
configure:7416: $? = 0
configure:7430: gcc -E  conftest.c
conftest.c:9:28: fatal error: ac_nonexistent.h: No such file or directory
 #include <ac_nonexistent.h>
                            ^
compilation terminated.
configure:7430: $? = 1
configure: failed program was:
| /* confdefs.h */
| #define PACKAGE_NAME "Cilk Runtime"
| #define PACKAGE_TARNAME "cilk-runtime"
| #define PACKAGE_VERSION "2.0"
| #define PACKAGE_STRING "Cilk Runtime 2.0"
| #define PACKAGE_BUGREPORT "cilk@intel.com"
| #define PACKAGE_URL ""
| /* end confdefs.h.  */
| #include <ac_nonexistent.h>
configure:7455: result: gcc -E
configure:7475: gcc -E  conftest.c
configure:7475: $? = 0
configure:7489: gcc -E  conftest.c
conftest.c:9:28: fatal error: ac_nonexistent.h: No such file or directory
 #include <ac_nonexistent.h>
                            ^
compilation terminated.
configure:7489: $? = 1
configure: failed program was:
| /* confdefs.h */
| #define PACKAGE_NAME "Cilk Runtime"
| #define PACKAGE_TARNAME "cilk-runtime"
| #define PACKAGE_VERSION "2.0"
| #define PACKAGE_STRING "Cilk Runtime 2.0"
| #define PACKAGE_BUGREPORT "cilk@intel.com"
| #define PACKAGE_URL ""
| /* end confdefs.h.  */
| #include <ac_nonexistent.h>
configure:7518: checking for ANSI C header files
configure:7538: gcc -c -g -O2  conftest.c >&5
configure:7538: $? = 0
configure:7611: gcc -o conftest -g -O2   conftest.c  >&5
configure:7611: $? = 0
configure:7611: ./conftest
configure:7611: $? = 0
configure:7622: result: yes
configure:7635: checking for sys/types.h
configure:7635: gcc -c -g -O2  conftest.c >&5
configure:7635: $? = 0
configure:7635: result: yes
configure:7635: checking for sys/stat.h
configure:7635: gcc -c -g -O2  conftest.c >&5
configure:7635: $? = 0
configure:7635: result: yes
configure:7635: checking for stdlib.h
configure:7635: gcc -c -g -O2  conftest.c >&5
configure:7635: $? = 0
configure:7635: result: yes
configure:7635: checking for string.h
configure:7635: gcc -c -g -O2  conftest.c >&5
configure:7635: $? = 0
configure:7635: result: yes
configure:7635: checking for memory.h
configure:7635: gcc -c -g -O2  conftest.c >&5
configure:7635: $? = 0
configure:7635: result: yes
configure:7635: checking for strings.h
configure:7635: gcc -c -g -O2  conftest.c >&5
configure:7635: $? = 0
configure:7635: result: yes
configure:7635: checking for inttypes.h
configure:7635: gcc -c -g -O2  conftest.c >&5
configure:7635: $? = 0
configure:7635: result: yes
configure:7635: checking for stdint.h
configure:7635: gcc -c -g -O2  conftest.c >&5
configure:7635: $? = 0
configure:7635: result: yes
configure:7635: checking for unistd.h
configure:7635: gcc -c -g -O2  conftest.c >&5
configure:7635: $? = 0
configure:7635: result: yes
configure:7649: checking for dlfcn.h
configure:7649: gcc -c -g -O2  conftest.c >&5
configure:7649: $? = 0
configure:7649: result: yes
configure:7866: checking for objdir
configure:7881: result: .libs
configure:8148: checking if gcc supports -fno-rtti -fno-exceptions
configure:8166: gcc -c -g -O2  -fno-rtti -fno-exceptions conftest.c >&5
cc1: warning: command line option '-fno-rtti' is valid for C++/ObjC++ but not for C [enabled by default]
configure:8170: $? = 0
configure:8183: result: no
configure:8510: checking for gcc option to produce PIC
configure:8517: result: -fPIC -DPIC
configure:8525: checking if gcc PIC flag -fPIC -DPIC works
configure:8543: gcc -c -g -O2  -fPIC -DPIC -DPIC conftest.c >&5
configure:8547: $? = 0
configure:8560: result: yes
configure:8589: checking if gcc static flag -static works
configure:8617: result: yes
configure:8632: checking if gcc supports -c -o file.o
configure:8653: gcc -c -g -O2  -o out/conftest2.o conftest.c >&5
configure:8657: $? = 0
configure:8679: result: yes
configure:8687: checking if gcc supports -c -o file.o
configure:8734: result: yes
configure:8767: checking whether the gcc linker (/usr/bin/ld -m elf_x86_64) supports shared libraries
configure:9920: result: yes
configure:9957: checking whether -lc should be explicitly linked in
configure:9965: gcc -c -g -O2  conftest.c >&5
configure:9968: $? = 0
configure:9983: gcc -shared  -fPIC -DPIC conftest.o  -v -Wl,-soname -Wl,conftest -o conftest 2\>\&1 \| /bin/grep  -lc  \>/dev/null 2\>\&1
configure:9986: $? = 0
configure:10000: result: no
configure:10160: checking dynamic linker characteristics
configure:10671: gcc -o conftest -g -O2   -Wl,-rpath -Wl,/foo conftest.c  >&5
configure:10671: $? = 0
configure:10893: result: GNU/Linux ld.so
configure:11000: checking how to hardcode library paths into programs
configure:11025: result: immediate
configure:11565: checking whether stripping libraries is possible
configure:11570: result: yes
configure:11605: checking if libtool supports shared libraries
configure:11607: result: yes
configure:11610: checking whether to build shared libraries
configure:11631: result: yes
configure:11634: checking whether to build static libraries
configure:11638: result: yes
configure:11661: checking how to run the C++ preprocessor
configure:11688: g++ -E  conftest.cpp
configure:11688: $? = 0
configure:11702: g++ -E  conftest.cpp
conftest.cpp:21:28: fatal error: ac_nonexistent.h: No such file or directory
 #include <ac_nonexistent.h>
                            ^
compilation terminated.
configure:11702: $? = 1
configure: failed program was:
| /* confdefs.h */
| #define PACKAGE_NAME "Cilk Runtime"
| #define PACKAGE_TARNAME "cilk-runtime"
| #define PACKAGE_VERSION "2.0"
| #define PACKAGE_STRING "Cilk Runtime 2.0"
| #define PACKAGE_BUGREPORT "cilk@intel.com"
| #define PACKAGE_URL ""
| #define STDC_HEADERS 1
| #define HAVE_SYS_TYPES_H 1
| #define HAVE_SYS_STAT_H 1
| #define HAVE_STDLIB_H 1
| #define HAVE_STRING_H 1
| #define HAVE_MEMORY_H 1
| #define HAVE_STRINGS_H 1
| #define HAVE_INTTYPES_H 1
| #define HAVE_STDINT_H 1
| #define HAVE_UNISTD_H 1
| #define HAVE_DLFCN_H 1
| #define LT_OBJDIR ".libs/"
| /* end confdefs.h.  */
| #include <ac_nonexistent.h>
configure:11727: result: g++ -E
configure:11747: g++ -E  conftest.cpp
configure:11747: $? = 0
configure:11761: g++ -E  conftest.cpp
conftest.cpp:21:28: fatal error: ac_nonexistent.h: No such file or directory
 #include <ac_nonexistent.h>
                            ^
compilation terminated.
configure:11761: $? = 1
configure: failed program was:
| /* confdefs.h */
| #define PACKAGE_NAME "Cilk Runtime"
| #define PACKAGE_TARNAME "cilk-runtime"
| #define PACKAGE_VERSION "2.0"
| #define PACKAGE_STRING "Cilk Runtime 2.0"
| #define PACKAGE_BUGREPORT "cilk@intel.com"
| #define PACKAGE_URL ""
| #define STDC_HEADERS 1
| #define HAVE_SYS_TYPES_H 1
| #define HAVE_SYS_STAT_H 1
| #define HAVE_STDLIB_H 1
| #define HAVE_STRING_H 1
| #define HAVE_MEMORY_H 1
| #define HAVE_STRINGS_H 1
| #define HAVE_INTTYPES_H 1
| #define HAVE_STDINT_H 1
| #define HAVE_UNISTD_H 1
| #define HAVE_DLFCN_H 1
| #define LT_OBJDIR ".libs/"
| /* end confdefs.h.  */
| #include <ac_nonexistent.h>
configure:11930: checking for ld used by g++
configure:11997: result: /usr/bin/ld -m elf_x86_64
configure:12004: checking if the linker (/usr/bin/ld -m elf_x86_64) is GNU ld
configure:12019: result: yes
configure:12074: checking whether the g++ linker (/usr/bin/ld -m elf_x86_64) supports shared libraries
configure:13079: result: yes
configure:13115: g++ -c -g -O2  conftest.cpp >&5
configure:13118: $? = 0
configure:13638: checking for g++ option to produce PIC
configure:13645: result: -fPIC -DPIC
configure:13653: checking if g++ PIC flag -fPIC -DPIC works
configure:13671: g++ -c -g -O2  -fPIC -DPIC -DPIC conftest.cpp >&5
configure:13675: $? = 0
configure:13688: result: yes
configure:13711: checking if g++ static flag -static works
configure:13739: result: yes
configure:13751: checking if g++ supports -c -o file.o
configure:13772: g++ -c -g -O2  -o out/conftest2.o conftest.cpp >&5
configure:13776: $? = 0
configure:13798: result: yes
configure:13803: checking if g++ supports -c -o file.o
configure:13850: result: yes
configure:13880: checking whether the g++ linker (/usr/bin/ld -m elf_x86_64) supports shared libraries
configure:13916: result: yes
configure:14057: checking dynamic linker characteristics
configure:14724: result: GNU/Linux ld.so
configure:14777: checking how to hardcode library paths into programs
configure:14802: result: immediate
configure:15036: creating ./config.status

## ---------------------- ##
## Running config.status. ##
## ---------------------- ##

This file was extended by Cilk Runtime config.status 2.0, which was
generated by GNU Autoconf 2.68.  Invocation command line was

  CONFIG_FILES    = 
  CONFIG_HEADERS  = 
  CONFIG_LINKS    = 
  CONFIG_COMMANDS = 
  $ ./config.status 

on hive.soic.indiana.edu

config.status:1073: creating Makefile
config.status:1245: executing depfiles commands
config.status:1245: executing libtool commands

## ---------------- ##
## Cache variables. ##
## ---------------- ##

ac_cv_build=x86_64-unknown-linux-gnu
ac_cv_c_compiler_gnu=yes
ac_cv_cxx_compiler_gnu=yes
ac_cv_env_CCC_set=
ac_cv_env_CCC_value=
ac_cv_env_CC_set=
ac_cv_env_CC_value=
ac_cv_env_CFLAGS_set=
ac_cv_env_CFLAGS_value=
ac_cv_env_CPPFLAGS_set=
ac_cv_env_CPPFLAGS_value=
ac_cv_env_CPP_set=
ac_cv_env_CPP_value=
ac_cv_env_CXXCPP_set=
ac_cv_env_CXXCPP_value=
ac_cv_env_CXXFLAGS_set=
ac_cv_env_CXXFLAGS_value=
ac_cv_env_CXX_set=
ac_cv_env_CXX_value=
ac_cv_env_LDFLAGS_set=
ac_cv_env_LDFLAGS_value=
ac_cv_env_LIBS_set=
ac_cv_env_LIBS_value=
ac_cv_env_build_alias_set=
ac_cv_env_build_alias_value=
ac_cv_env_host_alias_set=
ac_cv_env_host_alias_value=
ac_cv_env_target_alias_set=
ac_cv_env_target_alias_value=
ac_cv_header_dlfcn_h=yes
ac_cv_header_inttypes_h=yes
ac_cv_header_memory_h=yes
ac_cv_header_stdc=yes
ac_cv_header_stdint_h=yes
ac_cv_header_stdlib_h=yes
ac_cv_header_string_h=yes
ac_cv_header_strings_h=yes
ac_cv_header_sys_stat_h=yes
ac_cv_header_sys_types_h=yes
ac_cv_header_unistd_h=yes
ac_cv_host=x86_64-unknown-linux-gnu
ac_cv_objext=o
ac_cv_path_EGREP='/bin/grep -E'
ac_cv_path_FGREP='/bin/grep -F'
ac_cv_path_GREP=/bin/grep
ac_cv_path_SED=/bin/sed
ac_cv_path_install='/usr/bin/install -c'
ac_cv_path_mkdir=/bin/mkdir
ac_cv_prog_AWK=gawk
ac_cv_prog_CPP='gcc -E'
ac_cv_prog_CXXCPP='g++ -E'
ac_cv_prog_ac_ct_AR=ar
ac_cv_prog_ac_ct_CC=gcc
ac_cv_prog_ac_ct_CXX=g++
ac_cv_prog_ac_ct_MANIFEST_TOOL=mt
ac_cv_prog_ac_ct_OBJDUMP=objdump
ac_cv_prog_ac_ct_RANLIB=ranlib
ac_cv_prog_ac_ct_STRIP=strip
ac_cv_prog_cc_c89=
ac_cv_prog_cc_g=yes
ac_cv_prog_cxx_g=yes
ac_cv_prog_make_make_set=yes
am_cv_CC_dependencies_compiler_type=gcc3
am_cv_CXX_dependencies_compiler_type=gcc3
lt_cv_ar_at_file=@
lt_cv_archive_cmds_need_lc=no
lt_cv_deplibs_check_method=pass_all
lt_cv_file_magic_cmd='$MAGIC_CMD'
lt_cv_file_magic_test_file=
lt_cv_ld_reload_flag=-r
lt_cv_nm_interface='BSD nm'
lt_cv_objdir=.libs
lt_cv_path_LD=/usr/bin/ld
lt_cv_path_LDCXX='/usr/bin/ld -m elf_x86_64'
lt_cv_path_NM='/usr/bin/nm -B'
lt_cv_path_mainfest_tool=no
lt_cv_prog_compiler_c_o=yes
lt_cv_prog_compiler_c_o_CXX=yes
lt_cv_prog_compiler_pic='-fPIC -DPIC'
lt_cv_prog_compiler_pic_CXX='-fPIC -DPIC'
lt_cv_prog_compiler_pic_works=yes
lt_cv_prog_compiler_pic_works_CXX=yes
lt_cv_prog_compiler_rtti_exceptions=no
lt_cv_prog_compiler_static_works=yes
lt_cv_prog_compiler_static_works_CXX=yes
lt_cv_prog_gnu_ld=yes
lt_cv_prog_gnu_ldcxx=yes
lt_cv_sharedlib_from_linklib_cmd='printf %s\n'
lt_cv_shlibpath_overrides_runpath=no
lt_cv_sys_global_symbol_pipe='sed -n -e '\''s/^.*[	 ]\([ABCDGIRSTW][ABCDGIRSTW]*\)[	 ][	 ]*\([_A-Za-z][_A-Za-z0-9]*\)$/\1 \2 \2/p'\'' | sed '\''/ __gnu_lto/d'\'''
lt_cv_sys_global_symbol_to_c_name_address='sed -n -e '\''s/^: \([^ ]*\)[ ]*$/  {\"\1\", (void *) 0},/p'\'' -e '\''s/^[ABCDGIRSTW]* \([^ ]*\) \([^ ]*\)$/  {"\2", (void *) \&\2},/p'\'''
lt_cv_sys_global_symbol_to_c_name_address_lib_prefix='sed -n -e '\''s/^: \([^ ]*\)[ ]*$/  {\"\1\", (void *) 0},/p'\'' -e '\''s/^[ABCDGIRSTW]* \([^ ]*\) \(lib[^ ]*\)$/  {"\2", (void *) \&\2},/p'\'' -e '\''s/^[ABCDGIRSTW]* \([^ ]*\) \([^ ]*\)$/  {"lib\2", (void *) \&\2},/p'\'''
lt_cv_sys_global_symbol_to_cdecl='sed -n -e '\''s/^T .* \(.*\)$/extern int \1();/p'\'' -e '\''s/^[ABCDGIRSTW]* .* \(.*\)$/extern char \1;/p'\'''
lt_cv_sys_max_cmd_len=1966080
lt_cv_to_host_file_cmd=func_convert_file_noop
lt_cv_to_tool_file_cmd=func_convert_file_noop

## ----------------- ##
## Output variables. ##
## ----------------- ##

ACLOCAL='${SHELL} /nobackup/czakian/gcc/missing --run aclocal-1.11'
AMDEPBACKSLASH='\'
AMDEP_FALSE='#'
AMDEP_TRUE=''
AMTAR='$${TAR-tar}'
AR='ar'
AUTOCONF='${SHELL} /nobackup/czakian/gcc/missing --run autoconf'
AUTOHEADER='${SHELL} /nobackup/czakian/gcc/missing --run autoheader'
AUTOMAKE='${SHELL} /nobackup/czakian/gcc/missing --run automake-1.11'
AWK='gawk'
CC='gcc'
CCDEPMODE='depmode=gcc3'
CFLAGS='-g -O2'
CPP='gcc -E'
CPPFLAGS=''
CXX='g++'
CXXCPP='g++ -E'
CXXDEPMODE='depmode=gcc3'
CXXFLAGS='-g -O2'
CYGPATH_W='echo'
DEFS='-DPACKAGE_NAME=\"Cilk\ Runtime\" -DPACKAGE_TARNAME=\"cilk-runtime\" -DPACKAGE_VERSION=\"2.0\" -DPACKAGE_STRING=\"Cilk\ Runtime\ 2.0\" -DPACKAGE_BUGREPORT=\"cilk@intel.com\" -DPACKAGE_URL=\"\" -DSTDC_HEADERS=1 -DHAVE_SYS_TYPES_H=1 -DHAVE_SYS_STAT_H=1 -DHAVE_STDLIB_H=1 -DHAVE_STRING_H=1 -DHAVE_MEMORY_H=1 -DHAVE_STRINGS_H=1 -DHAVE_INTTYPES_H=1 -DHAVE_STDINT_H=1 -DHAVE_UNISTD_H=1 -DHAVE_DLFCN_H=1 -DLT_OBJDIR=\".libs/\"'
DEPDIR='.deps'
DLLTOOL='false'
DSYMUTIL=''
DUMPBIN=''
ECHO_C=''
ECHO_N='-n'
ECHO_T=''
EGREP='/bin/grep -E'
EXEEXT=''
FGREP='/bin/grep -F'
GREP='/bin/grep'
INSTALL_DATA='${INSTALL} -m 644'
INSTALL_PROGRAM='${INSTALL}'
INSTALL_SCRIPT='${INSTALL}'
INSTALL_STRIP_PROGRAM='$(install_sh) -c -s'
LD='/usr/bin/ld -m elf_x86_64'
LDFLAGS=''
LIBOBJS=''
LIBS=''
LIBTOOL='$(SHELL) $(top_builddir)/libtool'
LIPO=''
LN_S='ln -s'
LTLIBOBJS=''
MAKEINFO='${SHELL} /nobackup/czakian/gcc/missing --run makeinfo'
MANIFEST_TOOL=':'
MKDIR_P='/bin/mkdir -p'
NM='/usr/bin/nm -B'
NMEDIT=''
OBJDUMP='objdump'
OBJEXT='o'
OTOOL64=''
OTOOL=''
PACKAGE='cilk-runtime'
PACKAGE_BUGREPORT='cilk@intel.com'
PACKAGE_NAME='Cilk Runtime'
PACKAGE_STRING='Cilk Runtime 2.0'
PACKAGE_TARNAME='cilk-runtime'
PACKAGE_URL=''
PACKAGE_VERSION='2.0'
PATH_SEPARATOR=':'
RANLIB='ranlib'
SED='/bin/sed'
SET_MAKE=''
SHELL='/bin/sh'
STRIP='strip'
VERSION='2.0'
ac_ct_AR='ar'
ac_ct_CC='gcc'
ac_ct_CXX='g++'
ac_ct_DUMPBIN=''
am__EXEEXT_FALSE=''
am__EXEEXT_TRUE='#'
am__fastdepCC_FALSE='#'
am__fastdepCC_TRUE=''
am__fastdepCXX_FALSE='#'
am__fastdepCXX_TRUE=''
am__include='include'
am__isrc=''
am__leading_dot='.'
am__nodep='_no'
am__quote=''
am__tar='$${TAR-tar} chof - "$$tardir"'
am__untar='$${TAR-tar} xf -'
bindir='${exec_prefix}/bin'
build='x86_64-unknown-linux-gnu'
build_alias=''
build_cpu='x86_64'
build_os='linux-gnu'
build_vendor='unknown'
datadir='${datarootdir}'
datarootdir='${prefix}/share'
docdir='${datarootdir}/doc/${PACKAGE_TARNAME}'
dvidir='${docdir}'
exec_prefix='${prefix}'
host='x86_64-unknown-linux-gnu'
host_alias=''
host_cpu='x86_64'
host_os='linux-gnu'
host_vendor='unknown'
htmldir='${docdir}'
includedir='${prefix}/include'
infodir='${datarootdir}/info'
install_sh='${SHELL} /nobackup/czakian/gcc/install-sh'
libdir='${exec_prefix}/lib'
libexecdir='${exec_prefix}/libexec'
localedir='${datarootdir}/locale'
localstatedir='${prefix}/var'
mandir='${datarootdir}/man'
mkdir_p='/bin/mkdir -p'
oldincludedir='/usr/include'
pdfdir='${docdir}'
prefix='/nobackup/czakian/cilkplus'
program_transform_name='s,x,x,'
psdir='${docdir}'
sbindir='${exec_prefix}/sbin'
sharedstatedir='${prefix}/com'
sysconfdir='${prefix}/etc'
target_alias=''

## ----------- ##
## confdefs.h. ##
## ----------- ##

/* confdefs.h */
#define PACKAGE_NAME "Cilk Runtime"
#define PACKAGE_TARNAME "cilk-runtime"
#define PACKAGE_VERSION "2.0"
#define PACKAGE_STRING "Cilk Runtime 2.0"
#define PACKAGE_BUGREPORT "cilk@intel.com"
#define PACKAGE_URL ""
#define STDC_HEADERS 1
#define HAVE_SYS_TYPES_H 1
#define HAVE_SYS_STAT_H 1
#define HAVE_STDLIB_H 1
#define HAVE_STRING_H 1
#define HAVE_MEMORY_H 1
#define HAVE_STRINGS_H 1
#define HAVE_INTTYPES_H 1
#define HAVE_STDINT_H 1
#define HAVE_UNISTD_H 1
#define HAVE_DLFCN_H 1
#define LT_OBJDIR ".libs/"

configure: exit 0

## ---------------------- ##
## Running config.status. ##
## ---------------------- ##

This file was extended by Cilk Runtime config.status 2.0, which was
generated by GNU Autoconf 2.68.  Invocation command line was

  CONFIG_FILES    = 
  CONFIG_HEADERS  = 
  CONFIG_LINKS    = 
  CONFIG_COMMANDS = 
  $ ./config.status Makefile depfiles

on hive.soic.indiana.edu

config.status:1073: creating Makefile
config.status:1245: executing depfiles commands

## ---------------------- ##
## Running config.status. ##
## ---------------------- ##

This file was extended by Cilk Runtime config.status 2.0, which was
generated by GNU Autoconf 2.68.  Invocation command line was

  CONFIG_FILES    = 
  CONFIG_HEADERS  = 
  CONFIG_LINKS    = 
  CONFIG_COMMANDS = 
  $ ./config.status Makefile depfiles

on hive.soic.indiana.edu

config.status:1073: creating Makefile
config.status:1245: executing depfiles commands

## ---------------------- ##
## Running config.status. ##
## ---------------------- ##

This file was extended by Cilk Runtime config.status 2.0, which was
generated by GNU Autoconf 2.68.  Invocation command line was

  CONFIG_FILES    = 
  CONFIG_HEADERS  = 
  CONFIG_LINKS    = 
  CONFIG_COMMANDS = 
  $ ./config.status Makefile depfiles

on hive.soic.indiana.edu

config.status:1073: creating Makefile
config.status:1245: executing depfiles commands

## ---------------------- ##
## Running config.status. ##
## ---------------------- ##

This file was extended by Cilk Runtime config.status 2.0, which was
generated by GNU Autoconf 2.68.  Invocation command line was

  CONFIG_FILES    = 
  CONFIG_HEADERS  = 
  CONFIG_LINKS    = 
  CONFIG_COMMANDS = 
  $ ./config.status Makefile depfiles

on hive.soic.indiana.edu

config.status:1073: creating Makefile
config.status:1245: executing depfiles commands

## ---------------------- ##
## Running config.status. ##
## ---------------------- ##

This file was extended by Cilk Runtime config.status 2.0, which was
generated by GNU Autoconf 2.68.  Invocation command line was

  CONFIG_FILES    = 
  CONFIG_HEADERS  = 
  CONFIG_LINKS    = 
  CONFIG_COMMANDS = 
  $ ./config.status Makefile depfiles

on hive.soic.indiana.edu

config.status:1073: creating Makefile
config.status:1245: executing depfiles commands

## ---------------------- ##
## Running config.status. ##
## ---------------------- ##

This file was extended by Cilk Runtime config.status 2.0, which was
generated by GNU Autoconf 2.68.  Invocation command line was

  CONFIG_FILES    = 
  CONFIG_HEADERS  = 
  CONFIG_LINKS    = 
  CONFIG_COMMANDS = 
  $ ./config.status Makefile depfiles

on hive.soic.indiana.edu

config.status:1073: creating Makefile
config.status:1245: executing depfiles commands

## ---------------------- ##
## Running config.status. ##
## ---------------------- ##

This file was extended by Cilk Runtime config.status 2.0, which was
generated by GNU Autoconf 2.68.  Invocation command line was

  CONFIG_FILES    = 
  CONFIG_HEADERS  = 
  CONFIG_LINKS    = 
  CONFIG_COMMANDS = 
  $ ./config.status Makefile depfiles

on hive.soic.indiana.edu

config.status:1073: creating Makefile
config.status:1245: executing depfiles commands

## ---------------------- ##
## Running config.status. ##
## ---------------------- ##

This file was extended by Cilk Runtime config.status 2.0, which was
generated by GNU Autoconf 2.68.  Invocation command line was

  CONFIG_FILES    = 
  CONFIG_HEADERS  = 
  CONFIG_LINKS    = 
  CONFIG_COMMANDS = 
  $ ./config.status Makefile depfiles

on hive.soic.indiana.edu

config.status:1073: creating Makefile
config.status:1245: executing depfiles commands

## ---------------------- ##
## Running config.status. ##
## ---------------------- ##

This file was extended by Cilk Runtime config.status 2.0, which was
generated by GNU Autoconf 2.68.  Invocation command line was

  CONFIG_FILES    = 
  CONFIG_HEADERS  = 
  CONFIG_LINKS    = 
  CONFIG_COMMANDS = 
  $ ./config.status Makefile depfiles

on hive.soic.indiana.edu

config.status:1073: creating Makefile
config.status:1245: executing depfiles commands

## ---------------------- ##
## Running config.status. ##
## ---------------------- ##

This file was extended by Cilk Runtime config.status 2.0, which was
generated by GNU Autoconf 2.68.  Invocation command line was

  CONFIG_FILES    = 
  CONFIG_HEADERS  = 
  CONFIG_LINKS    = 
  CONFIG_COMMANDS = 
  $ ./config.status Makefile depfiles

on hive.soic.indiana.edu

config.status:1073: creating Makefile
config.status:1245: executing depfiles commands

## ---------------------- ##
## Running config.status. ##
## ---------------------- ##

This file was extended by Cilk Runtime config.status 2.0, which was
generated by GNU Autoconf 2.68.  Invocation command line was

  CONFIG_FILES    = 
  CONFIG_HEADERS  = 
  CONFIG_LINKS    = 
  CONFIG_COMMANDS = 
  $ ./config.status Makefile depfiles

on hive.soic.indiana.edu

config.status:1073: creating Makefile
config.status:1245: executing depfiles commands

## ---------------------- ##
## Running config.status. ##
## ---------------------- ##

This file was extended by Cilk Runtime config.status 2.0, which was
generated by GNU Autoconf 2.68.  Invocation command line was

  CONFIG_FILES    = 
  CONFIG_HEADERS  = 
  CONFIG_LINKS    = 
  CONFIG_COMMANDS = 
  $ ./config.status Makefile depfiles

on hive.soic.indiana.edu

config.status:1073: creating Makefile
config.status:1245: executing depfiles commands

## ---------------------- ##
## Running config.status. ##
## ---------------------- ##

This file was extended by Cilk Runtime config.status 2.0, which was
generated by GNU Autoconf 2.68.  Invocation command line was

  CONFIG_FILES    = 
  CONFIG_HEADERS  = 
  CONFIG_LINKS    = 
  CONFIG_COMMANDS = 
  $ ./config.status Makefile depfiles

on hive.soic.indiana.edu

config.status:1073: creating Makefile
config.status:1245: executing depfiles commands
